This is pdfTeX, Version 3.14159265-2.6-1.40.20 (TeX Live 2019/W32TeX) (preloaded format=pdflatex 2019.7.19)  6 JAN 2020 10:54
entering extended mode
 restricted \write18 enabled.
 %&-line parsing enabled.
**TESI_SACCAGGI_GIACOMO.tex
(./TESI_SACCAGGI_GIACOMO.tex
LaTeX2e <2018-12-01>
(c:/texlive/2019/texmf-dist/tex/latex/base/report.cls
Document Class: report 2018/09/03 v1.4i Standard LaTeX document class
(c:/texlive/2019/texmf-dist/tex/latex/base/size12.clo
File: size12.clo 2018/09/03 v1.4i Standard LaTeX file (size option)
)
\c@part=\count80
\c@chapter=\count81
\c@section=\count82
\c@subsection=\count83
\c@subsubsection=\count84
\c@paragraph=\count85
\c@subparagraph=\count86
\c@figure=\count87
\c@table=\count88
\abovecaptionskip=\skip41
\belowcaptionskip=\skip42
\bibindent=\dimen102
)
(c:/texlive/2019/texmf-dist/tex/generic/babel/babel.sty
Package: babel 2019/04/03 3.29 The Babel package

(c:/texlive/2019/texmf-dist/tex/generic/babel/switch.def
File: switch.def 2019/04/03 3.29 Babel switching mechanism
)
(c:/texlive/2019/texmf-dist/tex/generic/babel-italian/italian.ldf
Language: italian 2019/01/05 v.1.4.01 Italian support for the babel system

(c:/texlive/2019/texmf-dist/tex/generic/babel/babel.def
File: babel.def 2019/04/03 3.29 Babel common definitions
\babel@savecnt=\count89
\U@D=\dimen103

(c:/texlive/2019/texmf-dist/tex/generic/babel/txtbabel.def)
\bbl@dirlevel=\count90
)
\it@lettering=\count91
\it@doublequoteactive=\count92
\it@ISOcompliance=\count93
))
(c:/texlive/2019/texmf-dist/tex/latex/etoolbox/etoolbox.sty
Package: etoolbox 2018/08/19 v2.5f e-TeX tools for LaTeX (JAW)
\etb@tempcnta=\count94
)
(c:/texlive/2019/texmf-dist/tex/latex/graphics/graphics.sty
Package: graphics 2017/06/25 v1.2c Standard LaTeX Graphics (DPC,SPQR)

(c:/texlive/2019/texmf-dist/tex/latex/graphics/trig.sty
Package: trig 2016/01/03 v1.10 sin cos tan (DPC)
)
(c:/texlive/2019/texmf-dist/tex/latex/graphics-cfg/graphics.cfg
File: graphics.cfg 2016/06/04 v1.11 sample graphics configuration
)
Package graphics Info: Driver file: pdftex.def on input line 99.

(c:/texlive/2019/texmf-dist/tex/latex/graphics-def/pdftex.def
File: pdftex.def 2018/01/08 v1.0l Graphics/color driver for pdftex
))
(c:/texlive/2019/texmf-dist/tex/latex/url/url.sty
\Urlmuskip=\muskip10
Package: url 2013/09/16  ver 3.4  Verb mode for urls, etc.
)
(c:/texlive/2019/texmf-dist/tex/latex/amsfonts/amsfonts.sty
Package: amsfonts 2013/01/14 v3.01 Basic AMSFonts support
\@emptytoks=\toks14
\symAMSa=\mathgroup4
\symAMSb=\mathgroup5
LaTeX Font Info:    Overwriting math alphabet `\mathfrak' in version `bold'
(Font)                  U/euf/m/n --> U/euf/b/n on input line 106.
)
(c:/texlive/2019/texmf-dist/tex/latex/graphics/epsfig.sty
Package: epsfig 2017/06/25 v1.7b (e)psfig emulation (SPQR)

(c:/texlive/2019/texmf-dist/tex/latex/graphics/graphicx.sty
Package: graphicx 2017/06/01 v1.1a Enhanced LaTeX Graphics (DPC,SPQR)

(c:/texlive/2019/texmf-dist/tex/latex/graphics/keyval.sty
Package: keyval 2014/10/28 v1.15 key=value parser (DPC)
\KV@toks@=\toks15
)
\Gin@req@height=\dimen104
\Gin@req@width=\dimen105
)
\epsfxsize=\dimen106
\epsfysize=\dimen107
)
(c:/texlive/2019/texmf-dist/tex/latex/hyperref/hyperref.sty
Package: hyperref 2018/11/30 v6.88e Hypertext links for LaTeX

(c:/texlive/2019/texmf-dist/tex/generic/oberdiek/hobsub-hyperref.sty
Package: hobsub-hyperref 2016/05/16 v1.14 Bundle oberdiek, subset hyperref (HO)


(c:/texlive/2019/texmf-dist/tex/generic/oberdiek/hobsub-generic.sty
Package: hobsub-generic 2016/05/16 v1.14 Bundle oberdiek, subset generic (HO)
Package: hobsub 2016/05/16 v1.14 Construct package bundles (HO)
Package: infwarerr 2016/05/16 v1.4 Providing info/warning/error messages (HO)
Package: ltxcmds 2016/05/16 v1.23 LaTeX kernel commands for general use (HO)
Package: ifluatex 2016/05/16 v1.4 Provides the ifluatex switch (HO)
Package ifluatex Info: LuaTeX not detected.
Package: ifvtex 2016/05/16 v1.6 Detect VTeX and its facilities (HO)
Package ifvtex Info: VTeX not detected.
Package: intcalc 2016/05/16 v1.2 Expandable calculations with integers (HO)
Package: ifpdf 2018/09/07 v3.3 Provides the ifpdf switch
Package: etexcmds 2016/05/16 v1.6 Avoid name clashes with e-TeX commands (HO)
Package: kvsetkeys 2016/05/16 v1.17 Key value parser (HO)
Package: kvdefinekeys 2016/05/16 v1.4 Define keys (HO)
Package: pdftexcmds 2018/09/10 v0.29 Utility functions of pdfTeX for LuaTeX (HO
)
Package pdftexcmds Info: LuaTeX not detected.
Package pdftexcmds Info: \pdf@primitive is available.
Package pdftexcmds Info: \pdf@ifprimitive is available.
Package pdftexcmds Info: \pdfdraftmode found.
Package: pdfescape 2016/05/16 v1.14 Implements pdfTeX's escape features (HO)
Package: bigintcalc 2016/05/16 v1.4 Expandable calculations on big integers (HO
)
Package: bitset 2016/05/16 v1.2 Handle bit-vector datatype (HO)
Package: uniquecounter 2016/05/16 v1.3 Provide unlimited unique counter (HO)
)
Package hobsub Info: Skipping package `hobsub' (already loaded).
Package: letltxmacro 2016/05/16 v1.5 Let assignment for LaTeX macros (HO)
Package: hopatch 2016/05/16 v1.3 Wrapper for package hooks (HO)
Package: xcolor-patch 2016/05/16 xcolor patch
Package: atveryend 2016/05/16 v1.9 Hooks at the very end of document (HO)
Package: atbegshi 2016/06/09 v1.18 At begin shipout hook (HO)
Package: refcount 2016/05/16 v3.5 Data extraction from label references (HO)
Package: hycolor 2016/05/16 v1.8 Color options for hyperref/bookmark (HO)
)
(c:/texlive/2019/texmf-dist/tex/generic/ifxetex/ifxetex.sty
Package: ifxetex 2010/09/12 v0.6 Provides ifxetex conditional
)
(c:/texlive/2019/texmf-dist/tex/latex/oberdiek/auxhook.sty
Package: auxhook 2016/05/16 v1.4 Hooks for auxiliary files (HO)
)
(c:/texlive/2019/texmf-dist/tex/latex/oberdiek/kvoptions.sty
Package: kvoptions 2016/05/16 v3.12 Key value format for package options (HO)
)
\@linkdim=\dimen108
\Hy@linkcounter=\count95
\Hy@pagecounter=\count96

(c:/texlive/2019/texmf-dist/tex/latex/hyperref/pd1enc.def
File: pd1enc.def 2018/11/30 v6.88e Hyperref: PDFDocEncoding definition (HO)
Now handling font encoding PD1 ...
... no UTF-8 mapping file for font encoding PD1
)
\Hy@SavedSpaceFactor=\count97

(c:/texlive/2019/texmf-dist/tex/latex/latexconfig/hyperref.cfg
File: hyperref.cfg 2002/06/06 v1.2 hyperref configuration of TeXLive
)
Package hyperref Info: Hyper figures OFF on input line 4519.
Package hyperref Info: Link nesting OFF on input line 4524.
Package hyperref Info: Hyper index ON on input line 4527.
Package hyperref Info: Plain pages OFF on input line 4534.
Package hyperref Info: Backreferencing OFF on input line 4539.
Package hyperref Info: Implicit mode ON; LaTeX internals redefined.
Package hyperref Info: Bookmarks ON on input line 4772.
\c@Hy@tempcnt=\count98
LaTeX Info: Redefining \url on input line 5125.
\XeTeXLinkMargin=\dimen109
\Fld@menulength=\count99
\Field@Width=\dimen110
\Fld@charsize=\dimen111
Package hyperref Info: Hyper figures OFF on input line 6380.
Package hyperref Info: Link nesting OFF on input line 6385.
Package hyperref Info: Hyper index ON on input line 6388.
Package hyperref Info: backreferencing OFF on input line 6395.
Package hyperref Info: Link coloring OFF on input line 6400.
Package hyperref Info: Link coloring with OCG OFF on input line 6405.
Package hyperref Info: PDF/A mode OFF on input line 6410.
LaTeX Info: Redefining \ref on input line 6450.
LaTeX Info: Redefining \pageref on input line 6454.
\Hy@abspage=\count100
\c@Item=\count101
\c@Hfootnote=\count102
)
Package hyperref Info: Driver (autodetected): hpdftex.

(c:/texlive/2019/texmf-dist/tex/latex/hyperref/hpdftex.def
File: hpdftex.def 2018/11/30 v6.88e Hyperref driver for pdfTeX
\Fld@listcount=\count103
\c@bookmark@seq@number=\count104

(c:/texlive/2019/texmf-dist/tex/latex/oberdiek/rerunfilecheck.sty
Package: rerunfilecheck 2016/05/16 v1.8 Rerun checks for auxiliary files (HO)
Package uniquecounter Info: New unique counter `rerunfilecheck' on input line 2
82.
)
\Hy@SectionHShift=\skip43
)
(c:/texlive/2019/texmf-dist/tex/latex/float/float.sty
Package: float 2001/11/08 v1.3d Float enhancements (AL)
\c@float@type=\count105
\float@exts=\toks16
\float@box=\box27
\@float@everytoks=\toks17
\@floatcapt=\box28
)
(c:/texlive/2019/texmf-dist/tex/latex/base/inputenc.sty
Package: inputenc 2018/08/11 v1.3c Input encoding file
\inpenc@prehook=\toks18
\inpenc@posthook=\toks19

(c:/texlive/2019/texmf-dist/tex/latex/base/applemac.def
File: applemac.def 2018/08/11 v1.3c Input encoding file
))
(c:/texlive/2019/texmf-dist/tex/latex/listings/listings.sty
\lst@mode=\count106
\lst@gtempboxa=\box29
\lst@token=\toks20
\lst@length=\count107
\lst@currlwidth=\dimen112
\lst@column=\count108
\lst@pos=\count109
\lst@lostspace=\dimen113
\lst@width=\dimen114
\lst@newlines=\count110
\lst@lineno=\count111
\lst@maxwidth=\dimen115

(c:/texlive/2019/texmf-dist/tex/latex/listings/lstmisc.sty
File: lstmisc.sty 2019/02/27 1.8b (Carsten Heinz)
\c@lstnumber=\count112
\lst@skipnumbers=\count113
\lst@framebox=\box30
)
(c:/texlive/2019/texmf-dist/tex/latex/listings/listings.cfg
File: listings.cfg 2019/02/27 1.8b listings configuration
))
Package: listings 2019/02/27 1.8b (Carsten Heinz)

(c:/texlive/2019/texmf-dist/tex/latex/graphics/color.sty
Package: color 2016/07/10 v1.1e Standard LaTeX Color (DPC)

(c:/texlive/2019/texmf-dist/tex/latex/graphics-cfg/color.cfg
File: color.cfg 2016/01/02 v1.6 sample color configuration
)
Package color Info: Driver file: pdftex.def on input line 147.
)
(c:/texlive/2019/texmf-dist/tex/latex/listings/lstlang1.sty
File: lstlang1.sty 2019/02/27 1.8b listings language file
)
(c:/texlive/2019/texmf-dist/tex/latex/listings/lstmisc.sty
File: lstmisc.sty 2019/02/27 1.8b (Carsten Heinz)
)
(./TESI_SACCAGGI_GIACOMO.aux)
\openout1 = `TESI_SACCAGGI_GIACOMO.aux'.

LaTeX Font Info:    Checking defaults for OML/cmm/m/it on input line 55.
LaTeX Font Info:    ... okay on input line 55.
LaTeX Font Info:    Checking defaults for T1/cmr/m/n on input line 55.
LaTeX Font Info:    ... okay on input line 55.
LaTeX Font Info:    Checking defaults for OT1/cmr/m/n on input line 55.
LaTeX Font Info:    ... okay on input line 55.
LaTeX Font Info:    Checking defaults for OMS/cmsy/m/n on input line 55.
LaTeX Font Info:    ... okay on input line 55.
LaTeX Font Info:    Checking defaults for OMX/cmex/m/n on input line 55.
LaTeX Font Info:    ... okay on input line 55.
LaTeX Font Info:    Checking defaults for U/cmr/m/n on input line 55.
LaTeX Font Info:    ... okay on input line 55.
LaTeX Font Info:    Checking defaults for PD1/pdf/m/n on input line 55.
LaTeX Font Info:    ... okay on input line 55.
LaTeX Info: Redefining \it@ocap on input line 55.
LaTeX Info: Redefining \it@ccap on input line 55.


File italian.ldf warning: 
italian.ldf    With OT1 encoding guillemets are poorly faked
italian.ldf    Use T1 encoding
italian.ldf    or specify a font with command \CaporaliFrom
italian.ldf    See the documentation concerning the babel-italian typesetting 
italian.ldf    on input line 55.

(c:/texlive/2019/texmf-dist/tex/context/base/mkii/supp-pdf.mkii
[Loading MPS to PDF converter (version 2006.09.02).]
\scratchcounter=\count114
\scratchdimen=\dimen116
\scratchbox=\box31
\nofMPsegments=\count115
\nofMParguments=\count116
\everyMPshowfont=\toks21
\MPscratchCnt=\count117
\MPscratchDim=\dimen117
\MPnumerator=\count118
\makeMPintoPDFobject=\count119
\everyMPtoPDFconversion=\toks22
) (c:/texlive/2019/texmf-dist/tex/latex/oberdiek/epstopdf-base.sty
Package: epstopdf-base 2016/05/15 v2.6 Base part for package epstopdf

(c:/texlive/2019/texmf-dist/tex/latex/oberdiek/grfext.sty
Package: grfext 2016/05/16 v1.2 Manage graphics extensions (HO)
)
Package epstopdf-base Info: Redefining graphics rule for `.eps' on input line 4
38.
Package grfext Info: Graphics extension search list:
(grfext)             [.pdf,.png,.jpg,.mps,.jpeg,.jbig2,.jb2,.PDF,.PNG,.JPG,.JPE
G,.JBIG2,.JB2,.eps]
(grfext)             \AppendGraphicsExtensions on input line 456.

(c:/texlive/2019/texmf-dist/tex/latex/latexconfig/epstopdf-sys.cfg
File: epstopdf-sys.cfg 2010/07/13 v1.3 Configuration of (r)epstopdf for TeX Liv
e
))
\AtBeginShipoutBox=\box32
Package hyperref Info: Link coloring OFF on input line 55.

(c:/texlive/2019/texmf-dist/tex/latex/hyperref/nameref.sty
Package: nameref 2016/05/21 v2.44 Cross-referencing by name of section

(c:/texlive/2019/texmf-dist/tex/generic/oberdiek/gettitlestring.sty
Package: gettitlestring 2016/05/16 v1.5 Cleanup title references (HO)
)
\c@section@level=\count120
)
LaTeX Info: Redefining \ref on input line 55.
LaTeX Info: Redefining \pageref on input line 55.
LaTeX Info: Redefining \nameref on input line 55.

(./TESI_SACCAGGI_GIACOMO.out) (./TESI_SACCAGGI_GIACOMO.out)
\@outlinefile=\write3
\openout3 = `TESI_SACCAGGI_GIACOMO.out'.

\c@lstlisting=\count121
<logo.jpg, id=172, 284.5029pt x 306.9066pt>
File: logo.jpg Graphic file (type jpg)
<use logo.jpg>
Package pdftex.def Info: logo.jpg  used on input line 89.
(pdftex.def)             Requested size: 155.99762pt x 168.27933pt.
 [1


{c:/texlive/2019/texmf-var/fonts/map/pdftex/updmap/pdftex.map} <./logo.jpg>]pdf
TeX warning (ext4): destination with the same identifier (name{page.i}) has bee
n already used, duplicate ignored
<to be read again> 
                   \relax 
l.112 \begin{abstract}
                       [1]pdfTeX warning (ext4): destination with the same iden
tifier (name{page.i}) has been already used, duplicate ignored
<to be read again> 
                   \relax 
l.114 \end{abstract}
                     [1] (./TESI_SACCAGGI_GIACOMO.toc
LaTeX Font Info:    Try loading font information for U+msa on input line 5.

(c:/texlive/2019/texmf-dist/tex/latex/amsfonts/umsa.fd
File: umsa.fd 2013/01/14 v3.01 AMS symbols A
)
LaTeX Font Info:    Try loading font information for U+msb on input line 5.

(c:/texlive/2019/texmf-dist/tex/latex/amsfonts/umsb.fd
File: umsb.fd 2013/01/14 v3.01 AMS symbols B
)pdfTeX warning (ext4): destination with the same identifier (name{page.i}) has
 been already used, duplicate ignored
<to be read again> 
                   \relax 
l.27 ...e {3.2}Ensemble Learning}{32}{section.3.2}
                                                  % [1

])
\tf@toc=\write4
\openout4 = `TESI_SACCAGGI_GIACOMO.toc'.

 [2]
LaTeX Font Info:    Try loading font information for OMS+cmr on input line 143.


(c:/texlive/2019/texmf-dist/tex/latex/base/omscmr.fd
File: omscmr.fd 2014/09/29 v2.5h Standard LaTeX font definitions
)
LaTeX Font Info:    Font shape `OMS/cmr/m/n' in size <12> not available
(Font)              Font shape `OMS/cmsy/m/n' tried instead on input line 143.
 [1

]
<separate-wastesystems-eu.png, id=246, 523.20468pt x 342.5297pt>
File: separate-wastesystems-eu.png Graphic file (type png)
<use separate-wastesystems-eu.png>
Package pdftex.def Info: separate-wastesystems-eu.png  used on input line 152.
(pdftex.def)             Requested size: 301.1261pt x 197.14119pt.
 [2pdfTeX warning (ext4): destination with the same identifier (name{figure.0.1
}) has been already used, duplicate ignored

\AtBegShi@Output ...ipout \box \AtBeginShipoutBox 
                                                  \fi \fi 
l.158 
       <./separate-wastesystems-eu.png>]
<economiacircolare.jpg, id=258, 1003.75pt x 941.5175pt>
File: economiacircolare.jpg Graphic file (type jpg)
<use economiacircolare.jpg>
Package pdftex.def Info: economiacircolare.jpg  used on input line 162.
(pdftex.def)             Requested size: 301.1261pt x 282.45743pt.
 [3pdfTeX warning (ext4): destination with the same identifier (name{figure.0.2
}) has been already used, duplicate ignored

\AtBegShi@Output ...ipout \box \AtBeginShipoutBox 
                                                  \fi \fi 
l.168 
       <./economiacircolare.jpg>] [4]
Capitolo 1.
[5

] [6] [7] [8] (c:/texlive/2019/texmf-dist/tex/latex/listings/lstlang1.sty
File: lstlang1.sty 2019/02/27 1.8b listings language file
)
(c:/texlive/2019/texmf-dist/tex/latex/listings/lstlang2.sty
File: lstlang2.sty 2019/02/27 1.8b listings language file
)
(c:/texlive/2019/texmf-dist/tex/latex/listings/lstlang3.sty
File: lstlang3.sty 2019/02/27 1.8b listings language file
) [9] [10]
Overfull \hbox (18.15683pt too wide) in paragraph at lines 307--308
[][][][][][][][][][][][][][][][][][][][][][][][][][][][][][][][][][][][][][][][
][][][][][][][][][][][][][][][][][][][][][][][][][][][][][][][][][][][][][][][]
[][] 
 []


Overfull \hbox (0.91077pt too wide) in paragraph at lines 312--313
[][][][][][][][][][][][][][][][][][][][][][][][][][][][][][][][][][][][][][][][
][][][][][][][][][][][][][][][][][][][][][][][][][][][][][][][][][][][][][][] 
 []


Overfull \hbox (0.91077pt too wide) in paragraph at lines 317--318
[][][][][][][][][][][][][][][][][][][][][][][][][][][][][][][][][][][][][][][][
][][][][][][][][][][][][][][][][][][][][][][][][][][][][][][][][] 
 []

[11] (c:/texlive/2019/texmf-dist/tex/latex/listings/lstlang1.sty
File: lstlang1.sty 2019/02/27 1.8b listings language file
) [12]
<bot_telegram.jpg, id=347, 184.89075pt x 130.086pt>
File: bot_telegram.jpg Graphic file (type jpg)
<use bot_telegram.jpg>
Package pdftex.def Info: bot_telegram.jpg  used on input line 362.
(pdftex.def)             Requested size: 390.0pt x 274.41928pt.
 [13pdfTeX warning (ext4): destination with the same identifier (name{figure.1.
1}) has been already used, duplicate ignored

\AtBegShi@Output ...ipout \box \AtBeginShipoutBox 
                                                  \fi \fi 
l.369 \section
              {Il cestino} <./bot_telegram.jpg>]
<strutturasotto1.png, id=357, 532.08788pt x 474.27188pt>
File: strutturasotto1.png Graphic file (type png)
<use strutturasotto1.png>
Package pdftex.def Info: strutturasotto1.png  used on input line 383.
(pdftex.def)             Requested size: 390.0pt x 347.634pt.
 [14]
<fotostrutturasotto3modificatafiltro.jpg, id=363, 255.354pt x 264.08662pt>
File: fotostrutturasotto3modificatafiltro.jpg Graphic file (type jpg)
<use fotostrutturasotto3modificatafiltro.jpg>
Package pdftex.def Info: fotostrutturasotto3modificatafiltro.jpg  used on input
 line 391.
(pdftex.def)             Requested size: 390.0pt x 403.35005pt.
 [15pdfTeX warning (ext4): destination with the same identifier (name{figure.1.
2}) has been already used, duplicate ignored

\AtBegShi@Output ...ipout \box \AtBeginShipoutBox 
                                                  \fi \fi 
l.394 
       <./strutturasotto1.png>] [16pdfTeX warning (ext4): destination with the 
same identifier (name{figure.1.3}) has been already used, duplicate ignored

\AtBegShi@Output ...ipout \box \AtBeginShipoutBox 
                                                  \fi \fi 
l.397 
       <./fotostrutturasotto3modificatafiltro.jpg>]
<strutturasopra1.png, id=375, 486.31688pt x 353.82187pt>
File: strutturasopra1.png Graphic file (type png)
<use strutturasopra1.png>
Package pdftex.def Info: strutturasopra1.png  used on input line 402.
(pdftex.def)             Requested size: 390.0pt x 283.74353pt.
<fotostrutturasopramodificatafiltro.jpg, id=376, 385.44pt x 289.08pt>
File: fotostrutturasopramodificatafiltro.jpg Graphic file (type jpg)
<use fotostrutturasopramodificatafiltro.jpg>
Package pdftex.def Info: fotostrutturasopramodificatafiltro.jpg  used on input 
line 408.
(pdftex.def)             Requested size: 390.0pt x 292.4978pt.
 [17pdfTeX warning (ext4): destination with the same identifier (name{figure.1.
4}) has been already used, duplicate ignored

\AtBegShi@Output ...ipout \box \AtBeginShipoutBox 
                                                  \fi \fi 
l.411 
       <./strutturasopra1.png>]
<arduinomega.jpg, id=386, 1104.125pt x 725.71124pt>
File: arduinomega.jpg Graphic file (type jpg)
<use arduinomega.jpg>
Package pdftex.def Info: arduinomega.jpg  used on input line 425.
(pdftex.def)             Requested size: 390.0pt x 256.33923pt.
 [18pdfTeX warning (ext4): destination with the same identifier (name{figure.1.
5}) has been already used, duplicate ignored

\AtBegShi@Output ...ipout \box \AtBeginShipoutBox 
                                                  \fi \fi 
l.428 
       <./fotostrutturasopramodificatafiltro.jpg>] [19pdfTeX warning (ext4): de
stination with the same identifier (name{figure.1.6}) has been already used, du
plicate ignored

\AtBegShi@Output ...ipout \box \AtBeginShipoutBox 
                                                  \fi \fi 
l.454 S
       ono dei circuiti, dotati di microprocessore e componenti, in grado di...
 <./arduinomega.jpg>]
<fotoresistenza.png, id=402, 450.18187pt x 286.06876pt>
File: fotoresistenza.png Graphic file (type png)
<use fotoresistenza.png>
Package pdftex.def Info: fotoresistenza.png  used on input line 474.
(pdftex.def)             Requested size: 100.37537pt x 63.78214pt.

(c:/texlive/2019/texmf-dist/tex/latex/listings/lstlang1.sty
File: lstlang1.sty 2019/02/27 1.8b listings language file
)
(c:/texlive/2019/texmf-dist/tex/latex/listings/lstlang1.sty
File: lstlang1.sty 2019/02/27 1.8b listings language file
)
(c:/texlive/2019/texmf-dist/tex/latex/listings/lstmisc.sty
File: lstmisc.sty 2019/02/27 1.8b (Carsten Heinz)
) [20pdfTeX warning (ext4): destination with the same identifier (name{figure.1
.7}) has been already used, duplicate ignored

\AtBegShi@Output ...ipout \box \AtBeginShipoutBox 
                                                  \fi \fi 
l.486 void 
           loop() { <./fotoresistenza.png>]
<ultrasonic.png, id=416, 674.52pt x 433.62pt>
File: ultrasonic.png Graphic file (type png)
<use ultrasonic.png>
Package pdftex.def Info: ultrasonic.png  used on input line 505.
(pdftex.def)             Requested size: 100.37537pt x 64.5241pt.
 [21pdfTeX warning (ext4): destination with the same identifier (name{figure.1.
8}) has been already used, duplicate ignored

\AtBegShi@Output ...ipout \box \AtBeginShipoutBox 
                                                  \fi \fi 
l.509 \begin{lstlisting}[language=C++]
                                       <./ultrasonic.png>]
<peso.png, id=435, 639.89063pt x 484.81125pt>
File: peso.png Graphic file (type png)
<use peso.png>
Package pdftex.def Info: peso.png  used on input line 542.
(pdftex.def)             Requested size: 100.37537pt x 76.04747pt.
 [22] [23pdfTeX warning (ext4): destination with the same identifier (name{figu
re.1.9}) has been already used, duplicate ignored

\AtBegShi@Output ...ipout \box \AtBeginShipoutBox 
                                                  \fi \fi 
l.570 
       <./peso.png>]
<colorsensor.jpg, id=491, 501.875pt x 376.40625pt>
File: colorsensor.jpg Graphic file (type jpg)
<use colorsensor.jpg>
Package pdftex.def Info: colorsensor.jpg  used on input line 573.
(pdftex.def)             Requested size: 100.37537pt x 75.2799pt.
 [24pdfTeX warning (ext4): destination with the same identifier (name{figure.1.
10}) has been already used, duplicate ignored

\AtBegShi@Output ...ipout \box \AtBeginShipoutBox 
                                                  \fi \fi 
l.599 	frequency 
                 = pulseIn(out, LOW); <./colorsensor.jpg>]
<schemacollegamento.png, id=518, 895.84688pt x 575.14874pt>
File: schemacollegamento.png Graphic file (type png)
<use schemacollegamento.png>
Package pdftex.def Info: schemacollegamento.png  used on input line 640.
(pdftex.def)             Requested size: 390.0pt x 250.38075pt.
 [25]
<form1.png, id=559, 311.36325pt x 126.4725pt>
File: form1.png Graphic file (type png)
<use form1.png>
Package pdftex.def Info: form1.png  used on input line 658.
(pdftex.def)             Requested size: 301.1261pt x 122.32115pt.
 [26pdfTeX warning (ext4): destination with the same identifier (name{figure.1.
11}) has been already used, duplicate ignored

\AtBegShi@Output ...ipout \box \AtBeginShipoutBox 
                                                  \fi \fi 
l.661 L
       a seconda pagina chiamata \virgolette{Form2} serve per registrare i d...
 <./schemacollegamento.png>]
<form2.png, id=567, 542.62724pt x 445.665pt>
File: form2.png Graphic file (type png)
<use form2.png>
Package pdftex.def Info: form2.png  used on input line 664.
(pdftex.def)             Requested size: 301.1261pt x 247.313pt.
<formcam.png, id=568, 347.49825pt x 190.91325pt>
File: formcam.png Graphic file (type png)
<use formcam.png>
Package pdftex.def Info: formcam.png  used on input line 669.
(pdftex.def)             Requested size: 301.1261pt x 165.44939pt.
 [27pdfTeX warning (ext4): destination with the same identifier (name{figure.1.
12}) has been already used, duplicate ignored

\AtBegShi@Output ...ipout \box \AtBeginShipoutBox 
                                                  \fi \fi 
l.672 N
       ella terza pagina indicizzata \virgolette{Form3} bisogna inizializzar...
pdfTeX warning (ext4): destination with the same identifier (name{figure.1.13})
 has been already used, duplicate ignored

\AtBegShi@Output ...ipout \box \AtBeginShipoutBox 
                                                  \fi \fi 
l.672 N
       ella terza pagina indicizzata \virgolette{Form3} bisogna inizializzar...
 <./form1.png> <./form2.png>]
<form3.png, id=577, 522.15076pt x 345.08925pt>
File: form3.png Graphic file (type png)
<use form3.png>
Package pdftex.def Info: form3.png  used on input line 675.
(pdftex.def)             Requested size: 301.1261pt x 199.01979pt.
 [28pdfTeX warning (ext4): destination with the same identifier (name{figure.1.
14}) has been already used, duplicate ignored

\AtBegShi@Output ...ipout \box \AtBeginShipoutBox 
                                                  \fi \fi 
l.678 \chapter
              {Addestramento train e modelli}pdfTeX warning (ext4): destination
 with the same identifier (name{figure.1.15}) has been already used, duplicate 
ignored

\AtBegShi@Output ...ipout \box \AtBeginShipoutBox 
                                                  \fi \fi 
l.678 \chapter
              {Addestramento train e modelli} <./formcam.png> <./form3.png>]
Capitolo 2.
[29

]

LaTeX Warning: `!h' float specifier changed to `!ht'.


LaTeX Warning: `!h' float specifier changed to `!ht'.

[30pdfTeX warning (ext4): destination with the same identifier (name{table.2.1}
) has been already used, duplicate ignored

\AtBegShi@Output ...ipout \box \AtBeginShipoutBox 
                                                  \fi \fi 
l.768 \subsection
                 {Applicazione dei modelli}] [31pdfTeX warning (ext4): destinat
ion with the same identifier (name{table.2.2}) has been already used, duplicate
 ignored

\AtBegShi@Output ...ipout \box \AtBeginShipoutBox 
                                                  \fi \fi 
l.779 \chapter
              {Verifica test, confronto dei modelli}pdfTeX warning (ext4): dest
ination with the same identifier (name{table.2.3}) has been already used, dupli
cate ignored

\AtBegShi@Output ...ipout \box \AtBeginShipoutBox 
                                                  \fi \fi 
l.779 \chapter
              {Verifica test, confronto dei modelli}]
Capitolo 3.
[32

] [33

]
Appendice A.

Overfull \hbox (49.19952pt too wide) in paragraph at lines 866--867
[][][][][][][][][][][][][][][][][][][][][][][][][][][][][][][][][][][][][][][][
][][][][][][][][][][][][][][][][][][][][][][][][][][][][][][][][][][][][][][][]
[][][] 
 []


Overfull \hbox (31.95346pt too wide) in paragraph at lines 871--872
[][][][][][][][][][][][][][][][][][][][][][][][][][][][][][][][][][][][][][][][
][][][][][][][][][][][][][][][][][][][][][][][][][][][][][][][][][][][][][][][]
 
 []

[34

]
Overfull \hbox (31.95346pt too wide) in paragraph at lines 876--877
[][][][][][][][][][][][][][][][][][][][][][][][][][][][][][][][][][][][][][][][
][][][][][][][][][][][][][][][][][][][][][][][][][][][][][][][][][] 
 []


Overfull \hbox (49.19952pt too wide) in paragraph at lines 881--882
[][][][][][][][][][][][][][][][][][][][][][][][][][][][][][][][][][][][][][][][
][][][][][][][][][][][][][][][][][][][][][][][][][][][][][][][][][][][][][][][]
[][][] 
 []


Overfull \hbox (49.19952pt too wide) in paragraph at lines 886--887
[][][][][][][][][][][][][][][][][][][][][][][][][][][][][][][][][][][][][][][][
][][][][][][][][][][][][][][][][][][][][][][][][][][][][][][][][][][][][][][][]
[][][] 
 []


Overfull \hbox (49.19952pt too wide) in paragraph at lines 891--892
[][][][][][][][][][][][][][][][][][][][][][][][][][][][][][][][][][][][][][][][
][][][][][][][][][][][][][][][][][][][][][][][][][][][][][][][][][][][][][][][]
[][][] 
 []


Overfull \hbox (49.19952pt too wide) in paragraph at lines 896--897
[][][][][][][][][][][][][][][][][][][][][][][][][][][][][][][][][][][][][][][][
][][][][][][][][][][][][][][][][][][][][][][][][][][][][][][][][][][][][][][][]
[][][] 
 []


Overfull \hbox (28.95871pt too wide) in paragraph at lines 896--897
[][][][][][][][][][][][][][][][][][][][][][][][][][][][][][][][][][][][][][][][
][][][][][][][][][][][][][][][][][][][][][][][][][][][][][][][][][][][][][][][]
[][][][][][][]  
 []


Overfull \hbox (49.19952pt too wide) in paragraph at lines 901--902
[][][][][][][][][][][][][][][][][][][][][][][][][][][][][][][][][][][][][][][][
][][][][][][][][][][][][][][][][][][][][][][][][][][][][][][][][][][][][][][][]
[][][] 
 []


Overfull \hbox (23.21002pt too wide) in paragraph at lines 901--902
[][][][][][][][][][][][][][][][][][][][][][][][][][][][][][][][][][][][][][][][
][][][][][][][][][][][][][][][][][][][][][][][][][][][][][][][][][][][][][][][]
[][][][][][][]  
 []

[35]
Overfull \hbox (49.19952pt too wide) in paragraph at lines 906--907
[][][][][][][][][][][][][][][][][][][][][][][][][][][][][][][][][][][][][][][][
][][][][][][][][][][][][][][][][][][][][][][][][][][][][][][][][][][][][][][][]
[][][] 
 []


Overfull \hbox (28.95871pt too wide) in paragraph at lines 906--907
[][][][][][][][][][][][][][][][][][][][][][][][][][][][][][][][][][][][][][][][
][][][][][][][][][][][][][][][][][][][][][][][][][][][][][][][][][][][][][][][]
[][][][][][][]  
 []


Overfull \hbox (49.19952pt too wide) in paragraph at lines 911--912
[][][][][][][][][][][][][][][][][][][][][][][][][][][][][][][][][][][][][][][][
][][][][][][][][][][][][][][][][][][][][][][][][][][][][][][][][][][][][][][][]
[][][] 
 []


Overfull \hbox (28.95871pt too wide) in paragraph at lines 911--912
[][][][][][][][][][][][][][][][][][][][][][][][][][][][][][][][][][][][][][][][
][][][][][][][][][][][][][][][][][][][][][][][][][][][][][][][][][][][][][][][]
[][][][][][][]  
 []


Overfull \hbox (49.19952pt too wide) in paragraph at lines 916--917
[][][][][][][][][][][][][][][][][][][][][][][][][][][][][][][][][][][][][][][][
][][][][][][][][][][][][][][][][][][][][][][][][][][][][][][][][][][][][][][][]
[][][] 
 []


Overfull \hbox (17.46133pt too wide) in paragraph at lines 916--917
[][][][][][][][][][][][][][][][][][][][][][][][][][][][][][][][][][][][][][][][
][][][][][][][][][][][][][][][][][][][][][][][][][][][][][][][][][][][][][][][]
[][][][][][][]  
 []


Overfull \hbox (49.19952pt too wide) in paragraph at lines 921--922
[][][][][][][][][][][][][][][][][][][][][][][][][][][][][][][][][][][][][][][][
][][][][][][][][][][][][][][][][][][][][][][][][][][][][][][][][][][][][][][][]
[][][] 
 []


Overfull \hbox (23.21002pt too wide) in paragraph at lines 921--922
[][][][][][][][][][][][][][][][][][][][][][][][][][][][][][][][][][][][][][][][
][][][][][][][][][][][][][][][][][][][][][][][][][][][][][][][][][][][][][][][]
[][][][][][][]  
 []


Overfull \hbox (49.19952pt too wide) in paragraph at lines 926--927
[][][][][][][][][][][][][][][][][][][][][][][][][][][][][][][][][][][][][][][][
][][][][][][][][][][][][][][][][][][][][][][][][][][][][][][][][][][][][][][][]
[][][] 
 []


Overfull \hbox (23.21002pt too wide) in paragraph at lines 926--927
[][][][][][][][][][][][][][][][][][][][][][][][][][][][][][][][][][][][][][][][
][][][][][][][][][][][][][][][][][][][][][][][][][][][][][][][][][][][][][][][]
[][][][][][][]  
 []

[36]
Overfull \hbox (49.19952pt too wide) in paragraph at lines 931--932
[][][][][][][][][][][][][][][][][][][][][][][][][][][][][][][][][][][][][][][][
][][][][][][][][][][][][][][][][][][][][][][][][][][][][][][][][][][][][][][][]
[][][] 
 []


Overfull \hbox (34.7074pt too wide) in paragraph at lines 931--932
[][][][][][][][][][][][][][][][][][][][][][][][][][][][][][][][][][][][][][][][
][][][][][][][][][][][][][][][][][][][][][][][][][][][][][][][][][][][][][][][]
[][][][][][][]  
 []


Overfull \hbox (49.19952pt too wide) in paragraph at lines 936--937
[][][][][][][][][][][][][][][][][][][][][][][][][][][][][][][][][][][][][][][][
][][][][][][][][][][][][][][][][][][][][][][][][][][][][][][][][][][][][][][][]
[][][] 
 []


Overfull \hbox (23.21002pt too wide) in paragraph at lines 936--937
[][][][][][][][][][][][][][][][][][][][][][][][][][][][][][][][][][][][][][][][
][][][][][][][][][][][][][][][][][][][][][][][][][][][][][][][][][][][][][][][]
[][][][][][][]  
 []


Overfull \hbox (49.19952pt too wide) in paragraph at lines 941--942
[][][][][][][][][][][][][][][][][][][][][][][][][][][][][][][][][][][][][][][][
][][][][][][][][][][][][][][][][][][][][][][][][][][][][][][][][][][][][][][][]
[][][] 
 []


Overfull \hbox (28.95871pt too wide) in paragraph at lines 941--942
[][][][][][][][][][][][][][][][][][][][][][][][][][][][][][][][][][][][][][][][
][][][][][][][][][][][][][][][][][][][][][][][][][][][][][][][][][][][][][][][]
[][][][][][][]  
 []

[37] [38] [39] [40] [41] [42]
Overfull \hbox (0.91077pt too wide) in paragraph at lines 1193--1194
[][][][][][][][][][][][][][][][] 
 []

[43] [44] [45] [46]
Package atveryend Info: Empty hook `BeforeClearDocument' on input line 1323.
 [47

]
Package atveryend Info: Empty hook `AfterLastShipout' on input line 1323.
 (./TESI_SACCAGGI_GIACOMO.aux)
Package atveryend Info: Executing hook `AtVeryEndDocument' on input line 1323.
Package atveryend Info: Executing hook `AtEndAfterFileList' on input line 1323.

Package rerunfilecheck Info: File `TESI_SACCAGGI_GIACOMO.out' has not changed.
(rerunfilecheck)             Checksum: 9209AC4C11581B249EFB9020E0607A73;3079.
 ) 
Here is how much of TeX's memory you used:
 12607 strings out of 492623
 173870 string characters out of 6133290
 504533 words of memory out of 5000000
 15729 multiletter control sequences out of 15000+600000
 11523 words of font info for 43 fonts, out of 8000000 for 9000
 1141 hyphenation exceptions out of 8191
 33i,9n,60p,948b,1988s stack positions out of 5000i,500n,10000p,200000b,80000s
<c:/texlive/2019/texmf-dist/fonts/type1/public/amsfonts/cm/cmbx12.pfb><c:/tex
live/2019/texmf-dist/fonts/type1/public/amsfonts/cm/cmmi12.pfb><c:/texlive/2019
/texmf-dist/fonts/type1/public/amsfonts/cm/cmr12.pfb><c:/texlive/2019/texmf-dis
t/fonts/type1/public/amsfonts/cm/cmr17.pfb><c:/texlive/2019/texmf-dist/fonts/ty
pe1/public/amsfonts/cm/cmsy10.pfb><c:/texlive/2019/texmf-dist/fonts/type1/publi
c/amsfonts/cm/cmti12.pfb><c:/texlive/2019/texmf-dist/fonts/type1/public/amsfont
s/cm/cmtt10.pfb>
Output written on TESI_SACCAGGI_GIACOMO.pdf (52 pages, 6825334 bytes).
PDF statistics:
 1227 PDF objects out of 1440 (max. 8388607)
 1124 compressed objects within 12 object streams
 668 named destinations out of 1000 (max. 500000)
 427 words of extra memory for PDF output out of 10000 (max. 10000000)

